<?xml version="1.0" encoding="UTF-8"?>
<!-- Generated by org.testng.reporters.JUnitReportReporter -->
<testsuite skipped="2" hostname="FATIHs-MacBook-Pro.local" name="com.app.runners.CukesRunner" tests="2" failures="0" timestamp="07 Aug 2018 20:23:58 GMT" time="0.037" errors="0">
  <testcase name="runScenario" time="0.003" classname="com.app.runners.CukesRunner">
    <skipped/>
  </testcase> <!-- runScenario -->
  <testcase name="runScenario" time="0.034" classname="com.app.runners.CukesRunner">
    <skipped/>
  </testcase> <!-- runScenario -->
</testsuite> <!-- com.app.runners.CukesRunner -->
